{"/Users/nick/dev/grid-search/index.js": {"path":"/Users/nick/dev/grid-search/index.js","statementMap":{"0":{"start":{"line":2,"column":12},"end":{"line":2,"column":14}},"1":{"start":{"line":3,"column":2},"end":{"line":7,"column":3}},"2":{"start":{"line":4,"column":4},"end":{"line":4,"column":45}},"3":{"start":{"line":4,"column":36},"end":{"line":4,"column":45}},"4":{"start":{"line":5,"column":4},"end":{"line":5,"column":62}},"5":{"start":{"line":5,"column":36},"end":{"line":5,"column":62}},"6":{"start":{"line":6,"column":4},"end":{"line":6,"column":55}},"7":{"start":{"line":6,"column":36},"end":{"line":6,"column":51}},"8":{"start":{"line":10,"column":12},"end":{"line":10,"column":14}},"9":{"start":{"line":11,"column":12},"end":{"line":11,"column":21}},"10":{"start":{"line":12,"column":12},"end":{"line":12,"column":26}},"11":{"start":{"line":14,"column":6},"end":{"line":19,"column":7}},"12":{"start":{"line":14,"column":19},"end":{"line":14,"column":20}},"13":{"start":{"line":14,"column":26},"end":{"line":14,"column":39}},"14":{"start":{"line":15,"column":16},"end":{"line":15,"column":28}},"15":{"start":{"line":16,"column":8},"end":{"line":16,"column":26}},"16":{"start":{"line":17,"column":8},"end":{"line":18,"column":30}},"17":{"start":{"line":17,"column":22},"end":{"line":17,"column":32}},"18":{"start":{"line":18,"column":13},"end":{"line":18,"column":30}},"19":{"start":{"line":21,"column":4},"end":{"line":21,"column":18}},"20":{"start":{"line":22,"column":4},"end":{"line":22,"column":13}},"21":{"start":{"line":25,"column":21},"end":{"line":25,"column":38}},"22":{"start":{"line":26,"column":14},"end":{"line":26,"column":16}},"23":{"start":{"line":27,"column":2},"end":{"line":29,"column":5}},"24":{"start":{"line":28,"column":4},"end":{"line":28,"column":67}},"25":{"start":{"line":28,"column":45},"end":{"line":28,"column":59}},"26":{"start":{"line":31,"column":2},"end":{"line":31,"column":15}},"27":{"start":{"line":35,"column":10},"end":{"line":35,"column":17}},"28":{"start":{"line":36,"column":14},"end":{"line":36,"column":57}},"29":{"start":{"line":37,"column":2},"end":{"line":39,"column":3}},"30":{"start":{"line":38,"column":4},"end":{"line":38,"column":13}},"31":{"start":{"line":40,"column":2},"end":{"line":43,"column":4}},"32":{"start":{"line":47,"column":12},"end":{"line":47,"column":14}},"33":{"start":{"line":48,"column":19},"end":{"line":48,"column":38}},"34":{"start":{"line":49,"column":2},"end":{"line":52,"column":3}},"35":{"start":{"line":49,"column":15},"end":{"line":49,"column":20}},"36":{"start":{"line":50,"column":4},"end":{"line":50,"column":72}},"37":{"start":{"line":51,"column":4},"end":{"line":51,"column":16}},"38":{"start":{"line":53,"column":2},"end":{"line":53,"column":13}},"39":{"start":{"line":56,"column":0},"end":{"line":56,"column":39}}},"fnMap":{"0":{"name":"gridSearch","decl":{"start":{"line":1,"column":9},"end":{"line":1,"column":19}},"loc":{"start":{"line":1,"column":26},"end":{"line":32,"column":1}},"line":1},"1":{"name":"(anonymous_1)","decl":{"start":{"line":6,"column":28},"end":{"line":6,"column":29}},"loc":{"start":{"line":6,"column":36},"end":{"line":6,"column":51}},"line":6},"2":{"name":"cartesian","decl":{"start":{"line":9,"column":11},"end":{"line":9,"column":20}},"loc":{"start":{"line":9,"column":23},"end":{"line":23,"column":3}},"line":9},"3":{"name":"helper","decl":{"start":{"line":13,"column":13},"end":{"line":13,"column":19}},"loc":{"start":{"line":13,"column":28},"end":{"line":20,"column":5}},"line":13},"4":{"name":"(anonymous_4)","decl":{"start":{"line":27,"column":23},"end":{"line":27,"column":24}},"loc":{"start":{"line":27,"column":38},"end":{"line":29,"column":3}},"line":27},"5":{"name":"(anonymous_5)","decl":{"start":{"line":28,"column":34},"end":{"line":28,"column":35}},"loc":{"start":{"line":28,"column":45},"end":{"line":28,"column":59}},"line":28},"6":{"name":"decimalPlaces","decl":{"start":{"line":34,"column":9},"end":{"line":34,"column":22}},"loc":{"start":{"line":34,"column":26},"end":{"line":44,"column":1}},"line":34},"7":{"name":"range","decl":{"start":{"line":46,"column":9},"end":{"line":46,"column":14}},"loc":{"start":{"line":46,"column":40},"end":{"line":54,"column":1}},"line":46}},"branchMap":{"0":{"loc":{"start":{"line":4,"column":4},"end":{"line":4,"column":45}},"type":"if","locations":[{"start":{"line":4,"column":4},"end":{"line":4,"column":45}},{"start":{"line":4,"column":4},"end":{"line":4,"column":45}}],"line":4},"1":{"loc":{"start":{"line":5,"column":4},"end":{"line":5,"column":62}},"type":"if","locations":[{"start":{"line":5,"column":4},"end":{"line":5,"column":62}},{"start":{"line":5,"column":4},"end":{"line":5,"column":62}}],"line":5},"2":{"loc":{"start":{"line":17,"column":8},"end":{"line":18,"column":30}},"type":"if","locations":[{"start":{"line":17,"column":8},"end":{"line":18,"column":30}},{"start":{"line":17,"column":8},"end":{"line":18,"column":30}}],"line":17},"3":{"loc":{"start":{"line":37,"column":2},"end":{"line":39,"column":3}},"type":"if","locations":[{"start":{"line":37,"column":2},"end":{"line":39,"column":3}},{"start":{"line":37,"column":2},"end":{"line":39,"column":3}}],"line":37},"4":{"loc":{"start":{"line":42,"column":5},"end":{"line":42,"column":50}},"type":"cond-expr","locations":[{"start":{"line":42,"column":23},"end":{"line":42,"column":24}},{"start":{"line":42,"column":27},"end":{"line":42,"column":50}}],"line":42},"5":{"loc":{"start":{"line":42,"column":28},"end":{"line":42,"column":42}},"type":"binary-expr","locations":[{"start":{"line":42,"column":28},"end":{"line":42,"column":36}},{"start":{"line":42,"column":40},"end":{"line":42,"column":42}}],"line":42},"6":{"loc":{"start":{"line":42,"column":55},"end":{"line":42,"column":68}},"type":"binary-expr","locations":[{"start":{"line":42,"column":55},"end":{"line":42,"column":63}},{"start":{"line":42,"column":67},"end":{"line":42,"column":68}}],"line":42},"7":{"loc":{"start":{"line":46,"column":30},"end":{"line":46,"column":38}},"type":"default-arg","locations":[{"start":{"line":46,"column":37},"end":{"line":46,"column":38}}],"line":46}},"s":{"0":1,"1":1,"2":2,"3":0,"4":2,"5":0,"6":2,"7":4,"8":1,"9":1,"10":1,"11":3,"12":3,"13":3,"14":6,"15":6,"16":6,"17":4,"18":2,"19":1,"20":1,"21":1,"22":1,"23":1,"24":4,"25":8,"26":1,"27":6,"28":6,"29":6,"30":0,"31":6,"32":6,"33":6,"34":6,"35":6,"36":22,"37":22,"38":6,"39":2},"f":{"0":1,"1":4,"2":1,"3":3,"4":4,"5":8,"6":6,"7":6},"b":{"0":[0,2],"1":[0,2],"2":[4,2],"3":[0,6],"4":[0,6],"5":[6,4],"6":[6,6],"7":[2]},"_coverageSchema":"43e27e138ebf9cfc5966b082cf9a028302ed4184","hash":"f0135cf58c01c1dcd56d4be026e8f7aedca02fe8"}
}
