TN:
SF:/Users/nick/dev/grid-search/index.js
FN:1,gridSearch
FN:6,(anonymous_1)
FN:9,cartesian
FN:13,helper
FN:27,(anonymous_4)
FN:28,(anonymous_5)
FN:34,decimalPlaces
FN:46,range
FNF:8
FNH:8
FNDA:1,gridSearch
FNDA:4,(anonymous_1)
FNDA:1,cartesian
FNDA:3,helper
FNDA:4,(anonymous_4)
FNDA:8,(anonymous_5)
FNDA:6,decimalPlaces
FNDA:6,range
DA:2,1
DA:3,1
DA:4,2
DA:5,2
DA:6,4
DA:10,1
DA:11,1
DA:12,1
DA:14,3
DA:15,6
DA:16,6
DA:17,6
DA:18,2
DA:21,1
DA:22,1
DA:25,1
DA:26,1
DA:27,1
DA:28,8
DA:31,1
DA:35,6
DA:36,6
DA:37,6
DA:38,0
DA:40,6
DA:47,6
DA:48,6
DA:49,6
DA:50,22
DA:51,22
DA:53,6
DA:56,2
LF:32
LH:31
BRDA:4,0,0,0
BRDA:4,0,1,2
BRDA:5,1,0,0
BRDA:5,1,1,2
BRDA:17,2,0,4
BRDA:17,2,1,2
BRDA:37,3,0,0
BRDA:37,3,1,6
BRDA:42,4,0,0
BRDA:42,4,1,6
BRDA:42,5,0,6
BRDA:42,5,1,4
BRDA:42,6,0,6
BRDA:42,6,1,6
BRDA:46,7,0,2
BRF:15
BRH:11
end_of_record
